<?xml version="1.0" encoding="UTF-8"?>
<testsuite name="com.ll.AppTests" tests="1" skipped="0" failures="0" errors="0" timestamp="2023-03-06T07:12:18" hostname="DESKTOP-272TI8S" time="0.049">
  <properties/>
  <testcase name="등록된 명언의 목록을 출력한다." classname="com.ll.AppTests" time="0.049"/>
  <system-out><![CDATA[]]></system-out>
  <system-err><![CDATA[]]></system-err>
</testsuite>
